# JRE version: OpenJDK Runtime Environment Temurin-17.0.7+7 (17.0.7+7) (build 17.0.7+7)
# Java VM: OpenJDK 64-Bit Server VM Temurin-17.0.7+7 (17.0.7+7, mixed mode, emulated-client, tiered, compressed oops, compressed class ptrs, g1 gc, windows-amd64)
GC Precious Log:
 CPUs: 6 total, 6 available
 Memory: 23465M
 Large Page Support: Disabled
 NUMA Support: Disabled
 Compressed Oops: Enabled (32-bit)
 Heap Region Size: 1M
 Heap Min Capacity: 8M
 Heap Initial Capacity: 368M
 Heap Max Capacity: 1G
 Pre-touch: Disabled
 Parallel Workers: 6
 Concurrent Workers: 2
 Concurrent Refinement Workers: 6
 Periodic GC: Disabled
Heap:
 garbage-first heap   total 137216K, used 40056K [0x00000000c0000000, 0x0000000100000000)
  region size 1024K, 1 young (1024K), 0 survivors (0K)
 Metaspace       used 69881K, committed 70656K, reserved 1114112K
  class space    used 9534K, committed 9856K, reserved 1048576K
GC Heap History (20 events):
Event: 274910.251 GC heap before
{Heap before GC invocations=26996 (full 26921):
 garbage-first heap   total 137216K, used 40056K [0x00000000c0000000, 0x0000000100000000)
  region size 1024K, 1 young (1024K), 0 survivors (0K)
 Metaspace       used 69881K, committed 70656K, reserved 1114112K
  class space    used 9534K, committed 9856K, reserved 1048576K
}
Event: 274910.281 GC heap after
{Heap after GC invocations=26997 (full 26922):
 garbage-first heap   total 137216K, used 40056K [0x00000000c0000000, 0x0000000100000000)
  region size 1024K, 0 young (0K), 0 survivors (0K)
 Metaspace       used 69881K, committed 70656K, reserved 1114112K
  class space    used 9534K, committed 9856K, reserved 1048576K
}
Event: 274920.413 GC heap before
{Heap before GC invocations=26997 (full 26922):
 garbage-first heap   total 137216K, used 40056K [0x00000000c0000000, 0x0000000100000000)
  region size 1024K, 1 young (1024K), 0 survivors (0K)
 Metaspace       used 69881K, committed 70656K, reserved 1114112K
  class space    used 9534K, committed 9856K, reserved 1048576K
}
Event: 274920.440 GC heap after
{Heap after GC invocations=26998 (full 26923):
 garbage-first heap   total 137216K, used 40056K [0x00000000c0000000, 0x0000000100000000)
  region size 1024K, 0 young (0K), 0 survivors (0K)
 Metaspace       used 69881K, committed 70656K, reserved 1114112K
  class space    used 9534K, committed 9856K, reserved 1048576K
}
Event: 274930.566 GC heap before
{Heap before GC invocations=26998 (full 26923):
 garbage-first heap   total 137216K, used 40056K [0x00000000c0000000, 0x0000000100000000)
  region size 1024K, 1 young (1024K), 0 survivors (0K)
 Metaspace       used 69881K, committed 70656K, reserved 1114112K
  class space    used 9534K, committed 9856K, reserved 1048576K
}
Event: 274930.594 GC heap after
{Heap after GC invocations=26999 (full 26924):
 garbage-first heap   total 137216K, used 40056K [0x00000000c0000000, 0x0000000100000000)
  region size 1024K, 0 young (0K), 0 survivors (0K)
 Metaspace       used 69881K, committed 70656K, reserved 1114112K
  class space    used 9534K, committed 9856K, reserved 1048576K
}
Event: 274940.721 GC heap before
{Heap before GC invocations=26999 (full 26924):
 garbage-first heap   total 137216K, used 40056K [0x00000000c0000000, 0x0000000100000000)
  region size 1024K, 1 young (1024K), 0 survivors (0K)
 Metaspace       used 69881K, committed 70656K, reserved 1114112K
  class space    used 9534K, committed 9856K, reserved 1048576K
}
Event: 274940.748 GC heap after
{Heap after GC invocations=27000 (full 26925):
 garbage-first heap   total 137216K, used 40056K [0x00000000c0000000, 0x0000000100000000)
  region size 1024K, 0 young (0K), 0 survivors (0K)
 Metaspace       used 69881K, committed 70656K, reserved 1114112K
  class space    used 9534K, committed 9856K, reserved 1048576K
}
Event: 274950.884 GC heap before
{Heap before GC invocations=27000 (full 26925):
 garbage-first heap   total 137216K, used 40056K [0x00000000c0000000, 0x0000000100000000)
  region size 1024K, 1 young (1024K), 0 survivors (0K)
 Metaspace       used 69881K, committed 70656K, reserved 1114112K
  class space    used 9534K, committed 9856K, reserved 1048576K
}
Event: 274950.911 GC heap after
{Heap after GC invocations=27001 (full 26926):
 garbage-first heap   total 137216K, used 40056K [0x00000000c0000000, 0x0000000100000000)
  region size 1024K, 0 young (0K), 0 survivors (0K)
 Metaspace       used 69881K, committed 70656K, reserved 1114112K
  class space    used 9534K, committed 9856K, reserved 1048576K
}
Event: 274961.045 GC heap before
{Heap before GC invocations=27001 (full 26926):
 garbage-first heap   total 137216K, used 40056K [0x00000000c0000000, 0x0000000100000000)
  region size 1024K, 1 young (1024K), 0 survivors (0K)
 Metaspace       used 69881K, committed 70656K, reserved 1114112K
  class space    used 9534K, committed 9856K, reserved 1048576K
}
Event: 274961.072 GC heap after
{Heap after GC invocations=27002 (full 26927):
 garbage-first heap   total 137216K, used 40056K [0x00000000c0000000, 0x0000000100000000)
  region size 1024K, 0 young (0K), 0 survivors (0K)
 Metaspace       used 69881K, committed 70656K, reserved 1114112K
  class space    used 9534K, committed 9856K, reserved 1048576K
}
Event: 274971.211 GC heap before
{Heap before GC invocations=27002 (full 26927):
 garbage-first heap   total 137216K, used 40056K [0x00000000c0000000, 0x0000000100000000)
  region size 1024K, 1 young (1024K), 0 survivors (0K)
 Metaspace       used 69881K, committed 70656K, reserved 1114112K
  class space    used 9534K, committed 9856K, reserved 1048576K
}
Event: 274971.238 GC heap after
{Heap after GC invocations=27003 (full 26928):
 garbage-first heap   total 137216K, used 40056K [0x00000000c0000000, 0x0000000100000000)
  region size 1024K, 0 young (0K), 0 survivors (0K)
 Metaspace       used 69881K, committed 70656K, reserved 1114112K
  class space    used 9534K, committed 9856K, reserved 1048576K
}
Event: 274981.366 GC heap before
{Heap before GC invocations=27003 (full 26928):
 garbage-first heap   total 137216K, used 40056K [0x00000000c0000000, 0x0000000100000000)
  region size 1024K, 1 young (1024K), 0 survivors (0K)
 Metaspace       used 69881K, committed 70656K, reserved 1114112K
  class space    used 9534K, committed 9856K, reserved 1048576K
}
Event: 274981.392 GC heap after
{Heap after GC invocations=27004 (full 26929):
 garbage-first heap   total 137216K, used 40056K [0x00000000c0000000, 0x0000000100000000)
  region size 1024K, 0 young (0K), 0 survivors (0K)
 Metaspace       used 69881K, committed 70656K, reserved 1114112K
  class space    used 9534K, committed 9856K, reserved 1048576K
}
Event: 274991.526 GC heap before
{Heap before GC invocations=27004 (full 26929):
 garbage-first heap   total 137216K, used 40056K [0x00000000c0000000, 0x0000000100000000)
  region size 1024K, 1 young (1024K), 0 survivors (0K)
 Metaspace       used 69881K, committed 70656K, reserved 1114112K
  class space    used 9534K, committed 9856K, reserved 1048576K
}
Event: 274991.553 GC heap after
{Heap after GC invocations=27005 (full 26930):
 garbage-first heap   total 137216K, used 40056K [0x00000000c0000000, 0x0000000100000000)
  region size 1024K, 0 young (0K), 0 survivors (0K)
 Metaspace       used 69881K, committed 70656K, reserved 1114112K
  class space    used 9534K, committed 9856K, reserved 1048576K
}
Event: 275001.680 GC heap before
{Heap before GC invocations=27005 (full 26930):
 garbage-first heap   total 137216K, used 40056K [0x00000000c0000000, 0x0000000100000000)
  region size 1024K, 1 young (1024K), 0 survivors (0K)
 Metaspace       used 69881K, committed 70656K, reserved 1114112K
  class space    used 9534K, committed 9856K, reserved 1048576K
}
Event: 275001.707 GC heap after
{Heap after GC invocations=27006 (full 26931):
 garbage-first heap   total 137216K, used 40056K [0x00000000c0000000, 0x0000000100000000)
  region size 1024K, 0 young (0K), 0 survivors (0K)
 Metaspace       used 69881K, committed 70656K, reserved 1114112K
  class space    used 9534K, committed 9856K, reserved 1048576K
}

