# JRE version: OpenJDK Runtime Environment Temurin-17.0.7+7 (17.0.7+7) (build 17.0.7+7)
# Java VM: OpenJDK 64-Bit Server VM Temurin-17.0.7+7 (17.0.7+7, mixed mode, emulated-client, tiered, compressed oops, compressed class ptrs, g1 gc, windows-amd64)
GC Precious Log:
 CPUs: 6 total, 6 available
 Memory: 23465M
 Large Page Support: Disabled
 NUMA Support: Disabled
 Compressed Oops: Enabled (32-bit)
 Heap Region Size: 1M
 Heap Min Capacity: 8M
 Heap Initial Capacity: 368M
 Heap Max Capacity: 1G
 Pre-touch: Disabled
 Parallel Workers: 6
 Concurrent Workers: 2
 Concurrent Refinement Workers: 6
 Periodic GC: Disabled
Heap:
 garbage-first heap   total 48128K, used 14064K [0x00000000c0000000, 0x0000000100000000)
  region size 1024K, 1 young (1024K), 0 survivors (0K)
 Metaspace       used 34528K, committed 35008K, reserved 1114112K
  class space    used 4479K, committed 4672K, reserved 1048576K
GC Heap History (20 events):
Event: 195010.832 GC heap before
{Heap before GC invocations=19109 (full 19103):
 garbage-first heap   total 48128K, used 14064K [0x00000000c0000000, 0x0000000100000000)
  region size 1024K, 1 young (1024K), 0 survivors (0K)
 Metaspace       used 34528K, committed 35008K, reserved 1114112K
  class space    used 4479K, committed 4672K, reserved 1048576K
}
Event: 195010.851 GC heap after
{Heap after GC invocations=19110 (full 19104):
 garbage-first heap   total 48128K, used 14064K [0x00000000c0000000, 0x0000000100000000)
  region size 1024K, 0 young (0K), 0 survivors (0K)
 Metaspace       used 34528K, committed 35008K, reserved 1114112K
  class space    used 4479K, committed 4672K, reserved 1048576K
}
Event: 195020.985 GC heap before
{Heap before GC invocations=19110 (full 19104):
 garbage-first heap   total 48128K, used 14064K [0x00000000c0000000, 0x0000000100000000)
  region size 1024K, 1 young (1024K), 0 survivors (0K)
 Metaspace       used 34528K, committed 35008K, reserved 1114112K
  class space    used 4479K, committed 4672K, reserved 1048576K
}
Event: 195021.005 GC heap after
{Heap after GC invocations=19111 (full 19105):
 garbage-first heap   total 48128K, used 14064K [0x00000000c0000000, 0x0000000100000000)
  region size 1024K, 0 young (0K), 0 survivors (0K)
 Metaspace       used 34528K, committed 35008K, reserved 1114112K
  class space    used 4479K, committed 4672K, reserved 1048576K
}
Event: 195031.156 GC heap before
{Heap before GC invocations=19111 (full 19105):
 garbage-first heap   total 48128K, used 14064K [0x00000000c0000000, 0x0000000100000000)
  region size 1024K, 1 young (1024K), 0 survivors (0K)
 Metaspace       used 34528K, committed 35008K, reserved 1114112K
  class space    used 4479K, committed 4672K, reserved 1048576K
}
Event: 195031.175 GC heap after
{Heap after GC invocations=19112 (full 19106):
 garbage-first heap   total 48128K, used 14064K [0x00000000c0000000, 0x0000000100000000)
  region size 1024K, 0 young (0K), 0 survivors (0K)
 Metaspace       used 34528K, committed 35008K, reserved 1114112K
  class space    used 4479K, committed 4672K, reserved 1048576K
}
Event: 195041.331 GC heap before
{Heap before GC invocations=19112 (full 19106):
 garbage-first heap   total 48128K, used 14064K [0x00000000c0000000, 0x0000000100000000)
  region size 1024K, 1 young (1024K), 0 survivors (0K)
 Metaspace       used 34528K, committed 35008K, reserved 1114112K
  class space    used 4479K, committed 4672K, reserved 1048576K
}
Event: 195041.353 GC heap after
{Heap after GC invocations=19113 (full 19107):
 garbage-first heap   total 48128K, used 14064K [0x00000000c0000000, 0x0000000100000000)
  region size 1024K, 0 young (0K), 0 survivors (0K)
 Metaspace       used 34528K, committed 35008K, reserved 1114112K
  class space    used 4479K, committed 4672K, reserved 1048576K
}
Event: 195051.507 GC heap before
{Heap before GC invocations=19113 (full 19107):
 garbage-first heap   total 48128K, used 14064K [0x00000000c0000000, 0x0000000100000000)
  region size 1024K, 1 young (1024K), 0 survivors (0K)
 Metaspace       used 34528K, committed 35008K, reserved 1114112K
  class space    used 4479K, committed 4672K, reserved 1048576K
}
Event: 195051.528 GC heap after
{Heap after GC invocations=19114 (full 19108):
 garbage-first heap   total 48128K, used 14064K [0x00000000c0000000, 0x0000000100000000)
  region size 1024K, 0 young (0K), 0 survivors (0K)
 Metaspace       used 34528K, committed 35008K, reserved 1114112K
  class space    used 4479K, committed 4672K, reserved 1048576K
}
Event: 195061.681 GC heap before
{Heap before GC invocations=19114 (full 19108):
 garbage-first heap   total 48128K, used 14064K [0x00000000c0000000, 0x0000000100000000)
  region size 1024K, 1 young (1024K), 0 survivors (0K)
 Metaspace       used 34528K, committed 35008K, reserved 1114112K
  class space    used 4479K, committed 4672K, reserved 1048576K
}
Event: 195061.701 GC heap after
{Heap after GC invocations=19115 (full 19109):
 garbage-first heap   total 48128K, used 14064K [0x00000000c0000000, 0x0000000100000000)
  region size 1024K, 0 young (0K), 0 survivors (0K)
 Metaspace       used 34528K, committed 35008K, reserved 1114112K
  class space    used 4479K, committed 4672K, reserved 1048576K
}
Event: 195081.852 GC heap before
{Heap before GC invocations=19115 (full 19109):
 garbage-first heap   total 48128K, used 14064K [0x00000000c0000000, 0x0000000100000000)
  region size 1024K, 1 young (1024K), 0 survivors (0K)
 Metaspace       used 34528K, committed 35008K, reserved 1114112K
  class space    used 4479K, committed 4672K, reserved 1048576K
}
Event: 195081.872 GC heap after
{Heap after GC invocations=19116 (full 19110):
 garbage-first heap   total 48128K, used 14064K [0x00000000c0000000, 0x0000000100000000)
  region size 1024K, 0 young (0K), 0 survivors (0K)
 Metaspace       used 34528K, committed 35008K, reserved 1114112K
  class space    used 4479K, committed 4672K, reserved 1048576K
}
Event: 195092.019 GC heap before
{Heap before GC invocations=19116 (full 19110):
 garbage-first heap   total 48128K, used 14064K [0x00000000c0000000, 0x0000000100000000)
  region size 1024K, 1 young (1024K), 0 survivors (0K)
 Metaspace       used 34528K, committed 35008K, reserved 1114112K
  class space    used 4479K, committed 4672K, reserved 1048576K
}
Event: 195092.039 GC heap after
{Heap after GC invocations=19117 (full 19111):
 garbage-first heap   total 48128K, used 14064K [0x00000000c0000000, 0x0000000100000000)
  region size 1024K, 0 young (0K), 0 survivors (0K)
 Metaspace       used 34528K, committed 35008K, reserved 1114112K
  class space    used 4479K, committed 4672K, reserved 1048576K
}
Event: 195102.184 GC heap before
{Heap before GC invocations=19117 (full 19111):
 garbage-first heap   total 48128K, used 14064K [0x00000000c0000000, 0x0000000100000000)
  region size 1024K, 1 young (1024K), 0 survivors (0K)
 Metaspace       used 34528K, committed 35008K, reserved 1114112K
  class space    used 4479K, committed 4672K, reserved 1048576K
}
Event: 195102.203 GC heap after
{Heap after GC invocations=19118 (full 19112):
 garbage-first heap   total 48128K, used 14064K [0x00000000c0000000, 0x0000000100000000)
  region size 1024K, 0 young (0K), 0 survivors (0K)
 Metaspace       used 34528K, committed 35008K, reserved 1114112K
  class space    used 4479K, committed 4672K, reserved 1048576K
}
Event: 195112.347 GC heap before
{Heap before GC invocations=19118 (full 19112):
 garbage-first heap   total 48128K, used 14064K [0x00000000c0000000, 0x0000000100000000)
  region size 1024K, 1 young (1024K), 0 survivors (0K)
 Metaspace       used 34528K, committed 35008K, reserved 1114112K
  class space    used 4479K, committed 4672K, reserved 1048576K
}
Event: 195112.366 GC heap after
{Heap after GC invocations=19119 (full 19113):
 garbage-first heap   total 48128K, used 14064K [0x00000000c0000000, 0x0000000100000000)
  region size 1024K, 0 young (0K), 0 survivors (0K)
 Metaspace       used 34528K, committed 35008K, reserved 1114112K
  class space    used 4479K, committed 4672K, reserved 1048576K
}

